WARNING: An illegal reflective access operation has occurred
WARNING: Illegal reflective access by org.codehaus.groovy.reflection.CachedClass (file:/usr/share/groovy/lib/groovy-2.4.16.jar) to method java.lang.Object.finalize()
WARNING: Please consider reporting this to the maintainers of org.codehaus.groovy.reflection.CachedClass
WARNING: Use --illegal-access=warn to enable warnings of further illegal reflective access operations
WARNING: All illegal access operations will be denied in a future release
org.codehaus.groovy.control.MultipleCompilationErrorsException: startup failed:
General error during conversion: Error grabbing Grapes -- [download failed: org.openscience.cdk#cdk-reaction;2.3!cdk-reaction.jar, download failed: org.openscience.cdk#cdk-hash;2.3!cdk-hash.jar, download failed: org.apache.commons#commons-math3;3.1.1!commons-math3.jar]

java.lang.RuntimeException: Error grabbing Grapes -- [download failed: org.openscience.cdk#cdk-reaction;2.3!cdk-reaction.jar, download failed: org.openscience.cdk#cdk-hash;2.3!cdk-hash.jar, download failed: org.apache.commons#commons-math3;3.1.1!commons-math3.jar]
	at java.base/jdk.internal.reflect.NativeConstructorAccessorImpl.newInstance0(Native Method)
	at java.base/jdk.internal.reflect.NativeConstructorAccessorImpl.newInstance(NativeConstructorAccessorImpl.java:62)
	at java.base/jdk.internal.reflect.DelegatingConstructorAccessorImpl.newInstance(DelegatingConstructorAccessorImpl.java:45)
	at java.base/java.lang.reflect.Constructor.newInstance(Constructor.java:490)
	at org.codehaus.groovy.reflection.CachedConstructor.invoke(CachedConstructor.java:83)
	at org.codehaus.groovy.reflection.CachedConstructor.doConstructorInvoke(CachedConstructor.java:77)
	at org.codehaus.groovy.runtime.callsite.ConstructorSite$ConstructorSiteNoUnwrap.callConstructor(ConstructorSite.java:84)
	at org.codehaus.groovy.runtime.callsite.CallSiteArray.defaultCallConstructor(CallSiteArray.java:59)
	at org.codehaus.groovy.runtime.callsite.AbstractCallSite.callConstructor(AbstractCallSite.java:238)
	at org.codehaus.groovy.runtime.callsite.AbstractCallSite.callConstructor(AbstractCallSite.java:250)
	at groovy.grape.GrapeIvy.getDependencies(GrapeIvy.groovy:422)
	at java.base/jdk.internal.reflect.NativeMethodAccessorImpl.invoke0(Native Method)
	at java.base/jdk.internal.reflect.NativeMethodAccessorImpl.invoke(NativeMethodAccessorImpl.java:62)
	at java.base/jdk.internal.reflect.DelegatingMethodAccessorImpl.invoke(DelegatingMethodAccessorImpl.java:43)
	at java.base/java.lang.reflect.Method.invoke(Method.java:566)
	at org.codehaus.groovy.runtime.callsite.PogoMetaMethodSite$PogoCachedMethodSite.invoke(PogoMetaMethodSite.java:169)
	at org.codehaus.groovy.runtime.callsite.PogoMetaMethodSite.callCurrent(PogoMetaMethodSite.java:59)
	at org.codehaus.groovy.runtime.callsite.CallSiteArray.defaultCallCurrent(CallSiteArray.java:51)
	at org.codehaus.groovy.runtime.callsite.AbstractCallSite.callCurrent(AbstractCallSite.java:157)
	at groovy.grape.GrapeIvy.resolve(GrapeIvy.groovy:569)
	at groovy.grape.GrapeIvy$resolve$1.callCurrent(Unknown Source)
	at org.codehaus.groovy.runtime.callsite.CallSiteArray.defaultCallCurrent(CallSiteArray.java:51)
	at org.codehaus.groovy.runtime.callsite.AbstractCallSite.callCurrent(AbstractCallSite.java:157)
	at org.codehaus.groovy.runtime.callsite.AbstractCallSite.callCurrent(AbstractCallSite.java:193)
	at groovy.grape.GrapeIvy.resolve(GrapeIvy.groovy:536)
	at groovy.grape.GrapeIvy$resolve$0.callCurrent(Unknown Source)
	at org.codehaus.groovy.runtime.callsite.CallSiteArray.defaultCallCurrent(CallSiteArray.java:51)
	at org.codehaus.groovy.runtime.callsite.AbstractCallSite.callCurrent(AbstractCallSite.java:157)
	at org.codehaus.groovy.runtime.callsite.AbstractCallSite.callCurrent(AbstractCallSite.java:185)
	at groovy.grape.GrapeIvy.grab(GrapeIvy.groovy:254)
	at groovy.grape.Grape.grab(Grape.java:167)
	at groovy.grape.GrabAnnotationTransformation.visit(GrabAnnotationTransformation.java:376)
	at org.codehaus.groovy.transform.ASTTransformationVisitor$3.call(ASTTransformationVisitor.java:346)
	at org.codehaus.groovy.control.CompilationUnit.applyToSourceUnits(CompilationUnit.java:966)
	at org.codehaus.groovy.control.CompilationUnit.doPhaseOperation(CompilationUnit.java:626)
	at org.codehaus.groovy.control.CompilationUnit.processPhaseOperations(CompilationUnit.java:602)
	at org.codehaus.groovy.control.CompilationUnit.compile(CompilationUnit.java:579)
	at groovy.lang.GroovyClassLoader.doParseClass(GroovyClassLoader.java:323)
	at groovy.lang.GroovyClassLoader.parseClass(GroovyClassLoader.java:293)
	at groovy.lang.GroovyShell.parseClass(GroovyShell.java:677)
	at groovy.lang.GroovyShell.run(GroovyShell.java:506)
	at groovy.lang.GroovyShell.run(GroovyShell.java:496)
	at groovy.ui.GroovyMain.processOnce(GroovyMain.java:597)
	at groovy.ui.GroovyMain.run(GroovyMain.java:329)
	at groovy.ui.GroovyMain.process(GroovyMain.java:315)
	at groovy.ui.GroovyMain.processArgs(GroovyMain.java:134)
	at groovy.ui.GroovyMain.main(GroovyMain.java:114)
	at java.base/jdk.internal.reflect.NativeMethodAccessorImpl.invoke0(Native Method)
	at java.base/jdk.internal.reflect.NativeMethodAccessorImpl.invoke(NativeMethodAccessorImpl.java:62)
	at java.base/jdk.internal.reflect.DelegatingMethodAccessorImpl.invoke(DelegatingMethodAccessorImpl.java:43)
	at java.base/java.lang.reflect.Method.invoke(Method.java:566)
	at org.codehaus.groovy.tools.GroovyStarter.rootLoader(GroovyStarter.java:116)
	at org.codehaus.groovy.tools.GroovyStarter.main(GroovyStarter.java:138)

1 error

